c:\users\ricky\downloads\collisionmaps demo project\collisionmaps demo project\collisionmaps\collisionmaps\collisionmaps\x64\debug\vc142.pdb
c:\users\ricky\downloads\collisionmaps demo project\collisionmaps demo project\collisionmaps\collisionmaps\collisionmaps\x64\debug\vc142.idb
c:\users\ricky\downloads\collisionmaps demo project\collisionmaps demo project\collisionmaps\collisionmaps\collisionmaps\x64\debug\window.obj
c:\users\ricky\downloads\collisionmaps demo project\collisionmaps demo project\collisionmaps\collisionmaps\collisionmaps\x64\debug\samplemonsters.obj
c:\users\ricky\downloads\collisionmaps demo project\collisionmaps demo project\collisionmaps\collisionmaps\collisionmaps\x64\debug\renderobject.obj
c:\users\ricky\downloads\collisionmaps demo project\collisionmaps demo project\collisionmaps\collisionmaps\collisionmaps\x64\debug\pathfinder.obj
c:\users\ricky\downloads\collisionmaps demo project\collisionmaps demo project\collisionmaps\collisionmaps\collisionmaps\x64\debug\monster.obj
c:\users\ricky\downloads\collisionmaps demo project\collisionmaps demo project\collisionmaps\collisionmaps\collisionmaps\x64\debug\collisionmaps.obj
c:\users\ricky\downloads\collisionmaps demo project\collisionmaps demo project\collisionmaps\collisionmaps\collisionmaps\x64\debug\collisionmapcollection.obj
c:\users\ricky\downloads\collisionmaps demo project\collisionmaps demo project\collisionmaps\collisionmaps\collisionmaps\x64\debug\collisionmap.obj
c:\users\ricky\downloads\collisionmaps demo project\collisionmaps demo project\collisionmaps\collisionmaps\collisionmaps\x64\debug\cellmonster.obj
c:\users\ricky\downloads\collisionmaps demo project\collisionmaps demo project\collisionmaps\collisionmaps\collisionmaps\x64\debug\cellgrid.obj
c:\users\ricky\downloads\collisionmaps demo project\collisionmaps demo project\collisionmaps\collisionmaps\collisionmaps\x64\debug\cellcomplex.obj
c:\users\ricky\downloads\collisionmaps demo project\collisionmaps demo project\collisionmaps\collisionmaps\collisionmaps\x64\debug\astar.obj
c:\users\ricky\downloads\collisionmaps demo project\collisionmaps demo project\collisionmaps\collisionmaps\x64\debug\collisionmaps.exe
c:\users\ricky\downloads\collisionmaps demo project\collisionmaps demo project\collisionmaps\collisionmaps\collisionmaps\x64\debug\collisionmaps.ilk
c:\users\ricky\downloads\collisionmaps demo project\collisionmaps demo project\collisionmaps\collisionmaps\x64\debug\collisionmaps.pdb
c:\users\ricky\downloads\collisionmaps demo project\collisionmaps demo project\collisionmaps\collisionmaps\collisionmaps\x64\debug\collisionmaps.tlog\cl.command.1.tlog
c:\users\ricky\downloads\collisionmaps demo project\collisionmaps demo project\collisionmaps\collisionmaps\collisionmaps\x64\debug\collisionmaps.tlog\cl.read.1.tlog
c:\users\ricky\downloads\collisionmaps demo project\collisionmaps demo project\collisionmaps\collisionmaps\collisionmaps\x64\debug\collisionmaps.tlog\cl.write.1.tlog
c:\users\ricky\downloads\collisionmaps demo project\collisionmaps demo project\collisionmaps\collisionmaps\collisionmaps\x64\debug\collisionmaps.tlog\link.command.1.tlog
c:\users\ricky\downloads\collisionmaps demo project\collisionmaps demo project\collisionmaps\collisionmaps\collisionmaps\x64\debug\collisionmaps.tlog\link.read.1.tlog
c:\users\ricky\downloads\collisionmaps demo project\collisionmaps demo project\collisionmaps\collisionmaps\collisionmaps\x64\debug\collisionmaps.tlog\link.write.1.tlog
